0 info it worked if it ends with ok
1 verbose cli [ 'node', '/usr/local/bin/npm', 'install' ]
2 info using npm@1.4.28
3 info using node@v0.10.32
4 warn package.json MEAN@0.0.3 No description
5 warn package.json MEAN@0.0.3 No repository field.
6 warn package.json MEAN@0.0.3 No README data
7 verbose readDependencies using package.json deps
8 verbose install where, deps [ '/Users/marco_guzman/work/mean_book',
8 verbose install   [ 'express',
8 verbose install     'morgan',
8 verbose install     'compression',
8 verbose install     'body-parser',
8 verbose install     'method-override',
8 verbose install     'ejs',
8 verbose install     'connect-flash',
8 verbose install     'express-session',
8 verbose install     'mongoose',
8 verbose install     'passport',
8 verbose install     'passport-local',
8 verbose install     'passport-facebook',
8 verbose install     'passport-twitter',
8 verbose install     'passport-google-oauth',
8 verbose install     'socket.io' ] ]
9 info preinstall MEAN@0.0.3
10 verbose readDependencies using package.json deps
11 verbose already installed skipping morgan@~1.3.0 /Users/marco_guzman/work/mean_book
12 verbose already installed skipping compression@~1.0.11 /Users/marco_guzman/work/mean_book
13 verbose already installed skipping body-parser@~1.8.0 /Users/marco_guzman/work/mean_book
14 verbose already installed skipping method-override@~2.2.0 /Users/marco_guzman/work/mean_book
15 verbose already installed skipping ejs@~1.0.0 /Users/marco_guzman/work/mean_book
16 verbose already installed skipping connect-flash@~0.1.1 /Users/marco_guzman/work/mean_book
17 verbose already installed skipping express-session@~1.7.6 /Users/marco_guzman/work/mean_book
18 verbose already installed skipping mongoose@~3.8.15 /Users/marco_guzman/work/mean_book
19 verbose already installed skipping passport@~0.2.1 /Users/marco_guzman/work/mean_book
20 verbose already installed skipping passport-local@~1.0.0 /Users/marco_guzman/work/mean_book
21 verbose already installed skipping passport-facebook@~1.0.3 /Users/marco_guzman/work/mean_book
22 verbose already installed skipping passport-twitter@~1.0.2 /Users/marco_guzman/work/mean_book
23 verbose already installed skipping passport-google-oauth@~0.1.5 /Users/marco_guzman/work/mean_book
24 verbose cache add [ 'socket.io@~1.1.0', null ]
25 verbose cache add name=undefined spec="socket.io@~1.1.0" args=["socket.io@~1.1.0",null]
26 verbose parsed url { protocol: null,
26 verbose parsed url   slashes: null,
26 verbose parsed url   auth: null,
26 verbose parsed url   host: null,
26 verbose parsed url   port: null,
26 verbose parsed url   hostname: null,
26 verbose parsed url   hash: null,
26 verbose parsed url   search: null,
26 verbose parsed url   query: null,
26 verbose parsed url   pathname: 'socket.io@~1.1.0',
26 verbose parsed url   path: 'socket.io@~1.1.0',
26 verbose parsed url   href: 'socket.io@~1.1.0' }
27 verbose already installed skipping express@~4.8.8 /Users/marco_guzman/work/mean_book
28 verbose cache add name="socket.io" spec="~1.1.0" args=["socket.io","~1.1.0"]
29 verbose parsed url { protocol: null,
29 verbose parsed url   slashes: null,
29 verbose parsed url   auth: null,
29 verbose parsed url   host: null,
29 verbose parsed url   port: null,
29 verbose parsed url   hostname: null,
29 verbose parsed url   hash: null,
29 verbose parsed url   search: null,
29 verbose parsed url   query: null,
29 verbose parsed url   pathname: '~1.1.0',
29 verbose parsed url   path: '~1.1.0',
29 verbose parsed url   href: '~1.1.0' }
30 verbose addNamed [ 'socket.io', '~1.1.0' ]
31 verbose addNamed [ null, '>=1.1.0-0 <1.2.0-0' ]
32 silly lockFile 6201dda5-socket-io-1-1-0 socket.io@~1.1.0
33 verbose lock socket.io@~1.1.0 /Users/marco_guzman/.npm/6201dda5-socket-io-1-1-0.lock
34 silly addNameRange { name: 'socket.io',
34 silly addNameRange   range: '>=1.1.0-0 <1.2.0-0',
34 silly addNameRange   hasData: false }
35 verbose request where is /socket.io
36 verbose request registry https://registry.npmjs.org/
37 verbose request id a98c139c7763ec9f
38 verbose url raw /socket.io
39 verbose url resolving [ 'https://registry.npmjs.org/', './socket.io' ]
40 verbose url resolved https://registry.npmjs.org/socket.io
41 verbose request where is https://registry.npmjs.org/socket.io
42 info trying registry request attempt 1 at 21:23:00
43 verbose etag "COUDEYRXDY8KC0DM87E3Q16AR"
44 http GET https://registry.npmjs.org/socket.io
45 http 200 https://registry.npmjs.org/socket.io
46 silly registry.get cb [ 200,
46 silly registry.get   { server: 'CouchDB/1.5.0 (Erlang OTP/R16B03)',
46 silly registry.get     etag: '"6P8YL0YRD82PZ6Q3F8TPNAN34"',
46 silly registry.get     'content-type': 'application/json',
46 silly registry.get     'cache-control': 'max-age=60',
46 silly registry.get     'content-length': '115472',
46 silly registry.get     'accept-ranges': 'bytes',
46 silly registry.get     date: 'Tue, 27 Oct 2015 03:23:00 GMT',
46 silly registry.get     via: '1.1 varnish',
46 silly registry.get     age: '59',
46 silly registry.get     connection: 'keep-alive',
46 silly registry.get     'x-served-by': 'cache-ord1725-ORD',
46 silly registry.get     'x-cache': 'HIT',
46 silly registry.get     'x-cache-hits': '3',
46 silly registry.get     'x-timer': 'S1445916180.915174,VS0,VE0',
46 silly registry.get     vary: 'Accept' } ]
47 silly addNameRange number 2 { name: 'socket.io', range: '>=1.1.0-0 <1.2.0-0', hasData: true }
48 silly addNameRange versions [ 'socket.io',
48 silly addNameRange   [ '0.3.8',
48 silly addNameRange     '0.4.0',
48 silly addNameRange     '0.4.1',
48 silly addNameRange     '0.5.1',
48 silly addNameRange     '0.5.3',
48 silly addNameRange     '0.6.0',
48 silly addNameRange     '0.6.1',
48 silly addNameRange     '0.6.3',
48 silly addNameRange     '0.6.4',
48 silly addNameRange     '0.6.5',
48 silly addNameRange     '0.6.6',
48 silly addNameRange     '0.6.7',
48 silly addNameRange     '0.6.8',
48 silly addNameRange     '0.6.9',
48 silly addNameRange     '0.6.10',
48 silly addNameRange     '0.6.11',
48 silly addNameRange     '0.6.12',
48 silly addNameRange     '0.6.14',
48 silly addNameRange     '0.6.15',
48 silly addNameRange     '0.6.16',
48 silly addNameRange     '0.6.17',
48 silly addNameRange     '0.6.18',
48 silly addNameRange     '0.7.0',
48 silly addNameRange     '0.7.1',
48 silly addNameRange     '0.7.2',
48 silly addNameRange     '0.7.3',
48 silly addNameRange     '0.7.4',
48 silly addNameRange     '0.7.5',
48 silly addNameRange     '0.7.6',
48 silly addNameRange     '0.7.7',
48 silly addNameRange     '0.7.8',
48 silly addNameRange     '0.7.9',
48 silly addNameRange     '0.7.10',
48 silly addNameRange     '0.7.11',
48 silly addNameRange     '0.8.0',
48 silly addNameRange     '0.8.1',
48 silly addNameRange     '0.8.2',
48 silly addNameRange     '0.8.3',
48 silly addNameRange     '0.8.4',
48 silly addNameRange     '0.8.5',
48 silly addNameRange     '0.8.6',
48 silly addNameRange     '0.8.7',
48 silly addNameRange     '0.9.0',
48 silly addNameRange     '0.9.1',
48 silly addNameRange     '0.9.1-1',
48 silly addNameRange     '0.9.2',
48 silly addNameRange     '0.9.3',
48 silly addNameRange     '0.9.4',
48 silly addNameRange     '0.9.5',
48 silly addNameRange     '0.9.6',
48 silly addNameRange     '0.9.7',
48 silly addNameRange     '0.9.8',
48 silly addNameRange     '0.9.9',
48 silly addNameRange     '0.9.10',
48 silly addNameRange     '0.9.11',
48 silly addNameRange     '0.9.12',
48 silly addNameRange     '0.9.13',
48 silly addNameRange     '0.9.14',
48 silly addNameRange     '0.9.15',
48 silly addNameRange     '0.9.16',
48 silly addNameRange     '1.0.0-pre',
48 silly addNameRange     '1.0.0-pre2',
48 silly addNameRange     '1.0.0-pre3',
48 silly addNameRange     '1.0.0-pre4',
48 silly addNameRange     '1.0.0-pre5',
48 silly addNameRange     '0.9.17',
48 silly addNameRange     '1.0.0',
48 silly addNameRange     '1.0.1',
48 silly addNameRange     '1.0.2',
48 silly addNameRange     '1.0.3',
48 silly addNameRange     '1.0.4',
48 silly addNameRange     '1.0.5',
48 silly addNameRange     '1.0.6',
48 silly addNameRange     '1.1.0',
48 silly addNameRange     '1.2.0',
48 silly addNameRange     '1.2.1',
48 silly addNameRange     '1.3.0',
48 silly addNameRange     '1.3.1',
48 silly addNameRange     '1.3.2',
48 silly addNameRange     '1.3.3',
48 silly addNameRange     '1.3.4',
48 silly addNameRange     '1.3.5',
48 silly addNameRange     '1.3.6',
48 silly addNameRange     '1.3.7' ] ]
49 verbose addNamed [ 'socket.io', '1.1.0' ]
50 verbose addNamed [ '1.1.0', '1.1.0' ]
51 silly lockFile 8bfafe15-socket-io-1-1-0 socket.io@1.1.0
52 verbose lock socket.io@1.1.0 /Users/marco_guzman/.npm/8bfafe15-socket-io-1-1-0.lock
53 silly lockFile 9bb74f5a-rg-socket-io-socket-io-1-1-0-tgz https://registry.npmjs.org/socket.io/-/socket.io-1.1.0.tgz
54 verbose lock https://registry.npmjs.org/socket.io/-/socket.io-1.1.0.tgz /Users/marco_guzman/.npm/9bb74f5a-rg-socket-io-socket-io-1-1-0-tgz.lock
55 verbose addRemoteTarball [ 'https://registry.npmjs.org/socket.io/-/socket.io-1.1.0.tgz',
55 verbose addRemoteTarball   '0825ecb5740f34c2319a40087c537a348010dbb6' ]
56 info retry fetch attempt 1 at 21:23:01
57 verbose fetch to= /var/folders/nh/8h23f2w11bv3s_zk49vs2txr0000gn/T/npm-3663-WftfmWTS/registry.npmjs.org/socket.io/-/socket.io-1.1.0.tgz
58 http GET https://registry.npmjs.org/socket.io/-/socket.io-1.1.0.tgz
59 http 200 https://registry.npmjs.org/socket.io/-/socket.io-1.1.0.tgz
60 silly lockFile 9bb74f5a-rg-socket-io-socket-io-1-1-0-tgz https://registry.npmjs.org/socket.io/-/socket.io-1.1.0.tgz
61 silly lockFile 9bb74f5a-rg-socket-io-socket-io-1-1-0-tgz https://registry.npmjs.org/socket.io/-/socket.io-1.1.0.tgz
62 silly lockFile 8bfafe15-socket-io-1-1-0 socket.io@1.1.0
63 silly lockFile 8bfafe15-socket-io-1-1-0 socket.io@1.1.0
64 silly lockFile 6201dda5-socket-io-1-1-0 socket.io@~1.1.0
65 silly lockFile 6201dda5-socket-io-1-1-0 socket.io@~1.1.0
66 error Error: EACCES, mkdir '/Users/marco_guzman/.npm/socket.io/1.1.0'
66 error  { [Error: EACCES, mkdir '/Users/marco_guzman/.npm/socket.io/1.1.0']
66 error   errno: 3,
66 error   code: 'EACCES',
66 error   path: '/Users/marco_guzman/.npm/socket.io/1.1.0',
66 error   parent: 'MEAN' }
67 error Please try running this command again as root/Administrator.
68 error System Darwin 14.5.0
69 error command "node" "/usr/local/bin/npm" "install"
70 error cwd /Users/marco_guzman/work/mean_book
71 error node -v v0.10.32
72 error npm -v 1.4.28
73 error path /Users/marco_guzman/.npm/socket.io/1.1.0
74 error code EACCES
75 error errno 3
76 error stack Error: EACCES, mkdir '/Users/marco_guzman/.npm/socket.io/1.1.0'
77 verbose exit [ 3, true ]
